\BOOKMARK [1][-]{section.1}{\376\377\116\300\116\110\146\057\176\304\124\010\145\160\133\146}{}% 1
\BOOKMARK [1][-]{section.2}{\376\377\143\222\122\027\124\214\176\304\124\010}{}% 2
\BOOKMARK [2][-]{subsection.2.1}{\376\377\126\333\116\052\127\372\147\054\213\241\145\160\123\237\164\006}{section.2}% 3
\BOOKMARK [3][-]{subsubsection.2.1.1}{\376\377\122\240\154\325\123\237\164\006}{subsection.2.1}% 4
\BOOKMARK [3][-]{subsubsection.2.1.2}{\376\377\116\130\154\325\123\237\164\006}{subsection.2.1}% 5
\BOOKMARK [3][-]{subsubsection.2.1.3}{\376\377\121\317\154\325\123\237\164\006}{subsection.2.1}% 6
\BOOKMARK [3][-]{subsubsection.2.1.4}{\376\377\226\144\154\325\123\237\164\006}{subsection.2.1}% 7
\BOOKMARK [2][-]{subsection.2.2}{\376\377\226\306\124\010\166\204\143\222\122\027}{section.2}% 8
\BOOKMARK [3][-]{subsubsection.2.2.1}{\376\377\226\306\124\010\166\204\143\222\122\027\121\154\137\017}{subsection.2.2}% 9
\BOOKMARK [3][-]{subsubsection.2.2.2}{\376\377\137\252\163\257\143\222\122\027\121\154\137\017}{subsection.2.2}% 10
\BOOKMARK [2][-]{subsection.2.3}{\376\377\226\306\124\010\166\204\176\304\124\010\377\010\133\120\226\306\377\011}{section.2}% 11
\BOOKMARK [3][-]{subsubsection.2.3.1}{\376\377\226\306\124\010\166\204\176\304\124\010\121\154\137\017}{subsection.2.3}% 12
\BOOKMARK [3][-]{subsubsection.2.3.2}{\376\377\226\306\124\010\176\304\124\010\121\154\137\017\166\204\143\250\213\272}{subsection.2.3}% 13
\BOOKMARK [3][-]{subsubsection.2.3.3}{\376\377\176\304\124\010\166\204\140\047\215\050\116\000\377\032\136\025\145\257\123\141\121\154\137\017}{subsection.2.3}% 14
\BOOKMARK [3][-]{subsubsection.2.3.4}{\376\377\176\304\124\010\166\204\140\047\215\050\116\214}{subsection.2.3}% 15
\BOOKMARK [2][-]{subsection.2.4}{\376\377\131\032\221\315\226\306\124\010\166\204\143\222\122\027}{section.2}% 16
\BOOKMARK [3][-]{subsubsection.2.4.1}{\376\377\145\340\226\120\221\315\131\015\145\160\166\204\131\032\221\315\226\306\124\010\143\222\122\027}{subsection.2.4}% 17
\BOOKMARK [3][-]{subsubsection.2.4.2}{\376\377\147\011\226\120\221\315\131\015\145\160\166\204\131\032\221\315\226\306\124\010\166\204\143\222\122\027}{subsection.2.4}% 18
\BOOKMARK [3][-]{subsubsection.2.4.3}{\376\377\123\352\147\011\116\044\174\173\133\371\214\141\166\204\131\032\221\315\226\306\124\010\166\204\143\222\122\027}{subsection.2.4}% 19
\BOOKMARK [3][-]{subsubsection.2.4.4}{\376\377\136\046\150\007\173\176\166\204\166\322\133\120}{subsection.2.4}% 20
\BOOKMARK [3][-]{subsubsection.2.4.5}{\376\377\227\136\145\073\121\373\140\047\217\146}{subsection.2.4}% 21
\BOOKMARK [2][-]{subsection.2.5}{\376\377\131\032\221\315\226\306\124\010\166\204\176\304\124\010}{section.2}% 22
\BOOKMARK [3][-]{subsubsection.2.5.1}{\376\377\145\340\226\120\221\315\131\015\145\160\166\204\131\032\221\315\226\306\124\010\166\204\176\304\124\010}{subsection.2.5}% 23
\BOOKMARK [2][-]{subsection.2.6}{\376\377\147\011\226\120\151\202\163\207}{section.2}% 24
\BOOKMARK [1][-]{section.3}{\376\377\236\075\135\342\123\237\164\006}{}% 25
\BOOKMARK [1][-]{section.4}{\376\377\226\104\137\125\000A}{}% 26
\BOOKMARK [2][-]{subsection.4.1}{\376\377\145\160\133\146\137\122\176\263\154\325\153\143\170\156\140\047\166\204\213\301\146\016}{section.4}% 27
\BOOKMARK [2][-]{subsection.4.2}{\376\377\143\222\122\027\116\016\176\304\124\010}{section.4}% 28
\BOOKMARK [3][-]{subsubsection.4.2.1}{\376\377\176\323\213\272\040\034\116\130\154\325\123\237\164\006\146\057\122\240\154\325\123\237\164\006\166\204\143\250\213\272\040\035\166\204\213\301\146\016}{subsection.4.2}% 29
\BOOKMARK [3][-]{subsubsection.4.2.2}{\376\377\210\145\226\306}{subsection.4.2}% 30
\BOOKMARK [3][-]{subsubsection.4.2.3}{\376\377\0002\000.\0002\000.\0001\143\222\122\027\121\154\137\017\166\204\213\301\146\016}{subsection.4.2}% 31
\BOOKMARK [3][-]{subsubsection.4.2.4}{\376\377\0002\000.\0002\000.\0002\137\252\163\257\143\222\122\027\121\154\137\017\166\204\213\301\146\016}{subsection.4.2}% 32
\BOOKMARK [3][-]{subsubsection.4.2.5}{\376\377\0002\000.\0003\000.\0001\000\040\226\306\124\010\166\204\176\304\124\010\121\154\137\017\166\204\213\301\146\016}{subsection.4.2}% 33
\BOOKMARK [3][-]{subsubsection.4.2.6}{\376\377\0002\000.\0004\000.\0001\000\040\145\340\226\120\221\315\131\015\145\160\166\204\131\032\221\315\226\306\124\010\166\204\143\222\122\027\121\154\137\017\166\204\213\301\146\016}{subsection.4.2}% 34
\BOOKMARK [3][-]{subsubsection.4.2.7}{\376\377\0002\000.\0004\000.\0002\000\040\147\011\226\120\221\315\131\015\145\160\166\204\131\032\221\315\226\306\124\010\166\204\143\222\122\027\121\154\137\017\213\301\146\016}{subsection.4.2}% 35
\BOOKMARK [2][-]{subsection.4.3}{\376\377\121\166\116\326}{section.4}% 36
\BOOKMARK [3][-]{subsubsection.4.3.1}{\376\377\173\227\147\057\127\372\147\054\133\232\164\006}{subsection.4.3}% 37
